The current grades are:
--> d01
--> d02
--> d03
The active variables are:
--> temperature
--> wind
--> vapor
--> pressure
Generating figure no. 1 from temperature/d01
Generating figure no. 2 from temperature/d01
Generating figure no. 3 from temperature/d01
Generating figure no. 4 from temperature/d01
Generating figure no. 5 from temperature/d01
Generating figure no. 6 from temperature/d01
Generating figure no. 7 from temperature/d01
Generating figure no. 8 from temperature/d01
Generating figure no. 9 from temperature/d01
Generating figure no. 10 from temperature/d01
Generating figure no. 11 from temperature/d01
Generating figure no. 12 from temperature/d01
Generating figure no. 13 from temperature/d01
Generating figure no. 14 from temperature/d01
Generating figure no. 15 from temperature/d01
Generating figure no. 16 from temperature/d01
Generating figure no. 17 from temperature/d01
Generating figure no. 18 from temperature/d01
Generating figure no. 19 from temperature/d01
Generating figure no. 20 from temperature/d01
Generating figure no. 21 from temperature/d01
Generating figure no. 22 from temperature/d01
Generating figure no. 23 from temperature/d01
Generating figure no. 24 from temperature/d01
Generating figure no. 25 from temperature/d01
Generating figure no. 26 from temperature/d01
Generating figure no. 27 from temperature/d01
Generating figure no. 28 from temperature/d01
Generating figure no. 29 from temperature/d01
Generating figure no. 30 from temperature/d01
Generating figure no. 31 from temperature/d01
Generating figure no. 32 from temperature/d01
Generating figure no. 1 from wind/d01
Generating figure no. 2 from wind/d01
Generating figure no. 3 from wind/d01
Generating figure no. 4 from wind/d01
Generating figure no. 5 from wind/d01
Generating figure no. 6 from wind/d01
Generating figure no. 7 from wind/d01
Generating figure no. 8 from wind/d01
Generating figure no. 9 from wind/d01
Generating figure no. 10 from wind/d01
Generating figure no. 11 from wind/d01
Generating figure no. 12 from wind/d01
Generating figure no. 13 from wind/d01
Generating figure no. 14 from wind/d01
Generating figure no. 15 from wind/d01
Generating figure no. 16 from wind/d01
Generating figure no. 17 from wind/d01
Generating figure no. 18 from wind/d01
Generating figure no. 19 from wind/d01
Generating figure no. 20 from wind/d01
Generating figure no. 21 from wind/d01
Generating figure no. 22 from wind/d01
Generating figure no. 23 from wind/d01
Generating figure no. 24 from wind/d01
Generating figure no. 25 from wind/d01
Generating figure no. 26 from wind/d01
Generating figure no. 27 from wind/d01
Generating figure no. 28 from wind/d01
Generating figure no. 29 from wind/d01
Generating figure no. 30 from wind/d01
Generating figure no. 31 from wind/d01
Generating figure no. 32 from wind/d01
Generating figure no. 1 from vapor/d01
Generating figure no. 2 from vapor/d01
Generating figure no. 3 from vapor/d01
Generating figure no. 4 from vapor/d01
Generating figure no. 5 from vapor/d01
Generating figure no. 6 from vapor/d01
Generating figure no. 7 from vapor/d01
Generating figure no. 8 from vapor/d01
Generating figure no. 9 from vapor/d01
Generating figure no. 10 from vapor/d01
Generating figure no. 11 from vapor/d01
Generating figure no. 12 from vapor/d01
Generating figure no. 13 from vapor/d01
Generating figure no. 14 from vapor/d01
Generating figure no. 15 from vapor/d01
Generating figure no. 16 from vapor/d01
Generating figure no. 17 from vapor/d01
Generating figure no. 18 from vapor/d01
Generating figure no. 19 from vapor/d01
Generating figure no. 20 from vapor/d01
Generating figure no. 21 from vapor/d01
Generating figure no. 22 from vapor/d01
Generating figure no. 23 from vapor/d01
Generating figure no. 24 from vapor/d01
Generating figure no. 25 from vapor/d01
Generating figure no. 26 from vapor/d01
Generating figure no. 27 from vapor/d01
Generating figure no. 28 from vapor/d01
Generating figure no. 29 from vapor/d01
Generating figure no. 30 from vapor/d01
Generating figure no. 31 from vapor/d01
Generating figure no. 32 from vapor/d01
Generating figure no. 1 from pressure/d01
Generating figure no. 2 from pressure/d01
Generating figure no. 3 from pressure/d01
Generating figure no. 4 from pressure/d01
Generating figure no. 5 from pressure/d01
Generating figure no. 6 from pressure/d01
Generating figure no. 7 from pressure/d01
Generating figure no. 8 from pressure/d01
Generating figure no. 9 from pressure/d01
Generating figure no. 10 from pressure/d01
Generating figure no. 11 from pressure/d01
Generating figure no. 12 from pressure/d01
Generating figure no. 13 from pressure/d01
Generating figure no. 14 from pressure/d01
Generating figure no. 15 from pressure/d01
Generating figure no. 16 from pressure/d01
Generating figure no. 17 from pressure/d01
Generating figure no. 18 from pressure/d01
Generating figure no. 19 from pressure/d01
Generating figure no. 20 from pressure/d01
Generating figure no. 21 from pressure/d01
Generating figure no. 22 from pressure/d01
Generating figure no. 23 from pressure/d01
Generating figure no. 24 from pressure/d01
Generating figure no. 25 from pressure/d01
Generating figure no. 26 from pressure/d01
Generating figure no. 27 from pressure/d01
Generating figure no. 28 from pressure/d01
Generating figure no. 29 from pressure/d01
Generating figure no. 30 from pressure/d01
Generating figure no. 31 from pressure/d01
Generating figure no. 32 from pressure/d01
Generating figure no. 1 from temperature/d02
Generating figure no. 2 from temperature/d02
Generating figure no. 3 from temperature/d02
Generating figure no. 4 from temperature/d02
Generating figure no. 5 from temperature/d02
Generating figure no. 6 from temperature/d02
Generating figure no. 7 from temperature/d02
Generating figure no. 8 from temperature/d02
Generating figure no. 9 from temperature/d02
Generating figure no. 10 from temperature/d02
Generating figure no. 11 from temperature/d02
Generating figure no. 12 from temperature/d02
Generating figure no. 13 from temperature/d02
Generating figure no. 14 from temperature/d02
Generating figure no. 15 from temperature/d02
Generating figure no. 16 from temperature/d02
Generating figure no. 17 from temperature/d02
Generating figure no. 18 from temperature/d02
Generating figure no. 19 from temperature/d02
Generating figure no. 20 from temperature/d02
Generating figure no. 21 from temperature/d02
Generating figure no. 22 from temperature/d02
Generating figure no. 23 from temperature/d02
Generating figure no. 24 from temperature/d02
Generating figure no. 25 from temperature/d02
Generating figure no. 26 from temperature/d02
Generating figure no. 27 from temperature/d02
Generating figure no. 28 from temperature/d02
Generating figure no. 29 from temperature/d02
Generating figure no. 30 from temperature/d02
Generating figure no. 31 from temperature/d02
Generating figure no. 32 from temperature/d02
Generating figure no. 33 from temperature/d02
Generating figure no. 34 from temperature/d02
Generating figure no. 35 from temperature/d02
Generating figure no. 36 from temperature/d02
Generating figure no. 37 from temperature/d02
Generating figure no. 38 from temperature/d02
Generating figure no. 39 from temperature/d02
Generating figure no. 40 from temperature/d02
Generating figure no. 41 from temperature/d02
Generating figure no. 42 from temperature/d02
Generating figure no. 43 from temperature/d02
Generating figure no. 44 from temperature/d02
Generating figure no. 45 from temperature/d02
Generating figure no. 46 from temperature/d02
Generating figure no. 47 from temperature/d02
Generating figure no. 48 from temperature/d02
Generating figure no. 49 from temperature/d02
Generating figure no. 50 from temperature/d02
Generating figure no. 51 from temperature/d02
Generating figure no. 52 from temperature/d02
Generating figure no. 53 from temperature/d02
Generating figure no. 54 from temperature/d02
Generating figure no. 55 from temperature/d02
Generating figure no. 56 from temperature/d02
Generating figure no. 57 from temperature/d02
Generating figure no. 58 from temperature/d02
Generating figure no. 59 from temperature/d02
Generating figure no. 60 from temperature/d02
Generating figure no. 61 from temperature/d02
Generating figure no. 62 from temperature/d02
Generating figure no. 63 from temperature/d02
Generating figure no. 64 from temperature/d02
Generating figure no. 65 from temperature/d02
Generating figure no. 66 from temperature/d02
Generating figure no. 67 from temperature/d02
Generating figure no. 68 from temperature/d02
Generating figure no. 69 from temperature/d02
Generating figure no. 70 from temperature/d02
Generating figure no. 71 from temperature/d02
Generating figure no. 72 from temperature/d02
Generating figure no. 73 from temperature/d02
Generating figure no. 74 from temperature/d02
Generating figure no. 75 from temperature/d02
Generating figure no. 76 from temperature/d02
Generating figure no. 77 from temperature/d02
Generating figure no. 78 from temperature/d02
Generating figure no. 79 from temperature/d02
Generating figure no. 80 from temperature/d02
Generating figure no. 81 from temperature/d02
Generating figure no. 82 from temperature/d02
Generating figure no. 83 from temperature/d02
Generating figure no. 84 from temperature/d02
Generating figure no. 85 from temperature/d02
Generating figure no. 86 from temperature/d02
Generating figure no. 87 from temperature/d02
Generating figure no. 88 from temperature/d02
Generating figure no. 89 from temperature/d02
Generating figure no. 90 from temperature/d02
Generating figure no. 91 from temperature/d02
Generating figure no. 92 from temperature/d02
Generating figure no. 93 from temperature/d02
Generating figure no. 94 from temperature/d02
Generating figure no. 95 from temperature/d02
Generating figure no. 96 from temperature/d02
Generating figure no. 1 from wind/d02
Generating figure no. 2 from wind/d02
Generating figure no. 3 from wind/d02
Generating figure no. 4 from wind/d02
Generating figure no. 5 from wind/d02
Generating figure no. 6 from wind/d02
Generating figure no. 7 from wind/d02
Generating figure no. 8 from wind/d02
Generating figure no. 9 from wind/d02
Generating figure no. 10 from wind/d02
Generating figure no. 11 from wind/d02
Generating figure no. 12 from wind/d02
Generating figure no. 13 from wind/d02
Generating figure no. 14 from wind/d02
Generating figure no. 15 from wind/d02
Generating figure no. 16 from wind/d02
Generating figure no. 17 from wind/d02
Generating figure no. 18 from wind/d02
Generating figure no. 19 from wind/d02
Generating figure no. 20 from wind/d02
Generating figure no. 21 from wind/d02
Generating figure no. 22 from wind/d02
Generating figure no. 23 from wind/d02
Generating figure no. 24 from wind/d02
Generating figure no. 25 from wind/d02
Generating figure no. 26 from wind/d02
Generating figure no. 27 from wind/d02
Generating figure no. 28 from wind/d02
Generating figure no. 29 from wind/d02
Generating figure no. 30 from wind/d02
Generating figure no. 31 from wind/d02
Generating figure no. 32 from wind/d02
Generating figure no. 33 from wind/d02
Generating figure no. 34 from wind/d02
Generating figure no. 35 from wind/d02
Generating figure no. 36 from wind/d02
Generating figure no. 37 from wind/d02
Generating figure no. 38 from wind/d02
Generating figure no. 39 from wind/d02
Generating figure no. 40 from wind/d02
Generating figure no. 41 from wind/d02
Generating figure no. 42 from wind/d02
Generating figure no. 43 from wind/d02
Generating figure no. 44 from wind/d02
Generating figure no. 45 from wind/d02
Generating figure no. 46 from wind/d02
Generating figure no. 47 from wind/d02
Generating figure no. 48 from wind/d02
Generating figure no. 49 from wind/d02
Generating figure no. 50 from wind/d02
Generating figure no. 51 from wind/d02
Generating figure no. 52 from wind/d02
Generating figure no. 53 from wind/d02
Generating figure no. 54 from wind/d02
Generating figure no. 55 from wind/d02
Generating figure no. 56 from wind/d02
Generating figure no. 57 from wind/d02
Generating figure no. 58 from wind/d02
Generating figure no. 59 from wind/d02
Generating figure no. 60 from wind/d02
Generating figure no. 61 from wind/d02
Generating figure no. 62 from wind/d02
Generating figure no. 63 from wind/d02
Generating figure no. 64 from wind/d02
Generating figure no. 65 from wind/d02
Generating figure no. 66 from wind/d02
Generating figure no. 67 from wind/d02
Generating figure no. 68 from wind/d02
Generating figure no. 69 from wind/d02
Generating figure no. 70 from wind/d02
Generating figure no. 71 from wind/d02
Generating figure no. 72 from wind/d02
Generating figure no. 73 from wind/d02
Generating figure no. 74 from wind/d02
Generating figure no. 75 from wind/d02
Generating figure no. 76 from wind/d02
Generating figure no. 77 from wind/d02
Generating figure no. 78 from wind/d02
Generating figure no. 79 from wind/d02
Generating figure no. 80 from wind/d02
Generating figure no. 81 from wind/d02
Generating figure no. 82 from wind/d02
Generating figure no. 83 from wind/d02
Generating figure no. 84 from wind/d02
Generating figure no. 85 from wind/d02
Generating figure no. 86 from wind/d02
Generating figure no. 87 from wind/d02
Generating figure no. 88 from wind/d02
Generating figure no. 89 from wind/d02
Generating figure no. 90 from wind/d02
Generating figure no. 91 from wind/d02
Generating figure no. 92 from wind/d02
Generating figure no. 93 from wind/d02
Generating figure no. 94 from wind/d02
Generating figure no. 95 from wind/d02
Generating figure no. 96 from wind/d02
Generating figure no. 1 from vapor/d02
Generating figure no. 2 from vapor/d02
Generating figure no. 3 from vapor/d02
Generating figure no. 4 from vapor/d02
Generating figure no. 5 from vapor/d02
Generating figure no. 6 from vapor/d02
Generating figure no. 7 from vapor/d02
Generating figure no. 8 from vapor/d02
Generating figure no. 9 from vapor/d02
Generating figure no. 10 from vapor/d02
Generating figure no. 11 from vapor/d02
Generating figure no. 12 from vapor/d02
Generating figure no. 13 from vapor/d02
Generating figure no. 14 from vapor/d02
Generating figure no. 15 from vapor/d02
Generating figure no. 16 from vapor/d02
Generating figure no. 17 from vapor/d02
Generating figure no. 18 from vapor/d02
Generating figure no. 19 from vapor/d02
Generating figure no. 20 from vapor/d02
Generating figure no. 21 from vapor/d02
Generating figure no. 22 from vapor/d02
Generating figure no. 23 from vapor/d02
Generating figure no. 24 from vapor/d02
Generating figure no. 25 from vapor/d02
Generating figure no. 26 from vapor/d02
Generating figure no. 27 from vapor/d02
Generating figure no. 28 from vapor/d02
Generating figure no. 29 from vapor/d02
Generating figure no. 30 from vapor/d02
Generating figure no. 31 from vapor/d02
Generating figure no. 32 from vapor/d02
Generating figure no. 33 from vapor/d02
Generating figure no. 34 from vapor/d02
Generating figure no. 35 from vapor/d02
Generating figure no. 36 from vapor/d02
Generating figure no. 37 from vapor/d02
Generating figure no. 38 from vapor/d02
Generating figure no. 39 from vapor/d02
Generating figure no. 40 from vapor/d02
Generating figure no. 41 from vapor/d02
Generating figure no. 42 from vapor/d02
Generating figure no. 43 from vapor/d02
Generating figure no. 44 from vapor/d02
Generating figure no. 45 from vapor/d02
Generating figure no. 46 from vapor/d02
Generating figure no. 47 from vapor/d02
Generating figure no. 48 from vapor/d02
Generating figure no. 49 from vapor/d02
Generating figure no. 50 from vapor/d02
Generating figure no. 51 from vapor/d02
Generating figure no. 52 from vapor/d02
Generating figure no. 53 from vapor/d02
Generating figure no. 54 from vapor/d02
Generating figure no. 55 from vapor/d02
Generating figure no. 56 from vapor/d02
Generating figure no. 57 from vapor/d02
Generating figure no. 58 from vapor/d02
Generating figure no. 59 from vapor/d02
Generating figure no. 60 from vapor/d02
Generating figure no. 61 from vapor/d02
Generating figure no. 62 from vapor/d02
Generating figure no. 63 from vapor/d02
Generating figure no. 64 from vapor/d02
Generating figure no. 65 from vapor/d02
Generating figure no. 66 from vapor/d02
Generating figure no. 67 from vapor/d02
Generating figure no. 68 from vapor/d02
Generating figure no. 69 from vapor/d02
Generating figure no. 70 from vapor/d02
Generating figure no. 71 from vapor/d02
Generating figure no. 72 from vapor/d02
Generating figure no. 73 from vapor/d02
Generating figure no. 74 from vapor/d02
Generating figure no. 75 from vapor/d02
Generating figure no. 76 from vapor/d02
Generating figure no. 77 from vapor/d02
Generating figure no. 78 from vapor/d02
Generating figure no. 79 from vapor/d02
Generating figure no. 80 from vapor/d02
Generating figure no. 81 from vapor/d02
Generating figure no. 82 from vapor/d02
Generating figure no. 83 from vapor/d02
Generating figure no. 84 from vapor/d02
Generating figure no. 85 from vapor/d02
Generating figure no. 86 from vapor/d02
Generating figure no. 87 from vapor/d02
Generating figure no. 88 from vapor/d02
Generating figure no. 89 from vapor/d02
Generating figure no. 90 from vapor/d02
Generating figure no. 91 from vapor/d02
Generating figure no. 92 from vapor/d02
Generating figure no. 93 from vapor/d02
Generating figure no. 94 from vapor/d02
Generating figure no. 95 from vapor/d02
Generating figure no. 96 from vapor/d02
Generating figure no. 1 from pressure/d02
Generating figure no. 2 from pressure/d02
Generating figure no. 3 from pressure/d02
Generating figure no. 4 from pressure/d02
Generating figure no. 5 from pressure/d02
Generating figure no. 6 from pressure/d02
Generating figure no. 7 from pressure/d02
Generating figure no. 8 from pressure/d02
Generating figure no. 9 from pressure/d02
Generating figure no. 10 from pressure/d02
Generating figure no. 11 from pressure/d02
Generating figure no. 12 from pressure/d02
Generating figure no. 13 from pressure/d02
Generating figure no. 14 from pressure/d02
Generating figure no. 15 from pressure/d02
Generating figure no. 16 from pressure/d02
Generating figure no. 17 from pressure/d02
Generating figure no. 18 from pressure/d02
Generating figure no. 19 from pressure/d02
Generating figure no. 20 from pressure/d02
Generating figure no. 21 from pressure/d02
Generating figure no. 22 from pressure/d02
Generating figure no. 23 from pressure/d02
Generating figure no. 24 from pressure/d02
Generating figure no. 25 from pressure/d02
Generating figure no. 26 from pressure/d02
Generating figure no. 27 from pressure/d02
Generating figure no. 28 from pressure/d02
Generating figure no. 29 from pressure/d02
Generating figure no. 30 from pressure/d02
Generating figure no. 31 from pressure/d02
Generating figure no. 32 from pressure/d02
Generating figure no. 33 from pressure/d02
Generating figure no. 34 from pressure/d02
Generating figure no. 35 from pressure/d02
Generating figure no. 36 from pressure/d02
Generating figure no. 37 from pressure/d02
Generating figure no. 38 from pressure/d02
Generating figure no. 39 from pressure/d02
Generating figure no. 40 from pressure/d02
Generating figure no. 41 from pressure/d02
Generating figure no. 42 from pressure/d02
Generating figure no. 43 from pressure/d02
Generating figure no. 44 from pressure/d02
Generating figure no. 45 from pressure/d02
Generating figure no. 46 from pressure/d02
Generating figure no. 47 from pressure/d02
Generating figure no. 48 from pressure/d02
Generating figure no. 49 from pressure/d02
Generating figure no. 50 from pressure/d02
Generating figure no. 51 from pressure/d02
Generating figure no. 52 from pressure/d02
Generating figure no. 53 from pressure/d02
Generating figure no. 54 from pressure/d02
Generating figure no. 55 from pressure/d02
Generating figure no. 56 from pressure/d02
Generating figure no. 57 from pressure/d02
Generating figure no. 58 from pressure/d02
Generating figure no. 59 from pressure/d02
Generating figure no. 60 from pressure/d02
Generating figure no. 61 from pressure/d02
Generating figure no. 62 from pressure/d02
Generating figure no. 63 from pressure/d02
Generating figure no. 64 from pressure/d02
Generating figure no. 65 from pressure/d02
Generating figure no. 66 from pressure/d02
Generating figure no. 67 from pressure/d02
Generating figure no. 68 from pressure/d02
Generating figure no. 69 from pressure/d02
Generating figure no. 70 from pressure/d02
Generating figure no. 71 from pressure/d02
Generating figure no. 72 from pressure/d02
Generating figure no. 73 from pressure/d02
Generating figure no. 74 from pressure/d02
Generating figure no. 75 from pressure/d02
Generating figure no. 76 from pressure/d02
Generating figure no. 77 from pressure/d02
Generating figure no. 78 from pressure/d02
Generating figure no. 79 from pressure/d02
Generating figure no. 80 from pressure/d02
Generating figure no. 81 from pressure/d02
Generating figure no. 82 from pressure/d02
Generating figure no. 83 from pressure/d02
Generating figure no. 84 from pressure/d02
Generating figure no. 85 from pressure/d02
Generating figure no. 86 from pressure/d02
Generating figure no. 87 from pressure/d02
Generating figure no. 88 from pressure/d02
Generating figure no. 89 from pressure/d02
Generating figure no. 90 from pressure/d02
Generating figure no. 91 from pressure/d02
Generating figure no. 92 from pressure/d02
Generating figure no. 93 from pressure/d02
Generating figure no. 94 from pressure/d02
Generating figure no. 95 from pressure/d02
Generating figure no. 96 from pressure/d02
Generating figure no. 1 from temperature/d03
Generating figure no. 2 from temperature/d03
Generating figure no. 3 from temperature/d03
Generating figure no. 4 from temperature/d03
Generating figure no. 5 from temperature/d03
Generating figure no. 6 from temperature/d03
Generating figure no. 7 from temperature/d03
Generating figure no. 8 from temperature/d03
Generating figure no. 9 from temperature/d03
Generating figure no. 10 from temperature/d03
Generating figure no. 11 from temperature/d03
Generating figure no. 12 from temperature/d03
Generating figure no. 13 from temperature/d03
Generating figure no. 14 from temperature/d03
Generating figure no. 15 from temperature/d03
Generating figure no. 16 from temperature/d03
Generating figure no. 17 from temperature/d03
Generating figure no. 18 from temperature/d03
Generating figure no. 19 from temperature/d03
Generating figure no. 20 from temperature/d03
Generating figure no. 21 from temperature/d03
Generating figure no. 22 from temperature/d03
Generating figure no. 23 from temperature/d03
Generating figure no. 24 from temperature/d03
Generating figure no. 25 from temperature/d03
Generating figure no. 26 from temperature/d03
Generating figure no. 27 from temperature/d03
Generating figure no. 28 from temperature/d03
Generating figure no. 29 from temperature/d03
Generating figure no. 30 from temperature/d03
Generating figure no. 31 from temperature/d03
Generating figure no. 32 from temperature/d03
Generating figure no. 33 from temperature/d03
Generating figure no. 34 from temperature/d03
Generating figure no. 35 from temperature/d03
Generating figure no. 36 from temperature/d03
Generating figure no. 37 from temperature/d03
Generating figure no. 38 from temperature/d03
Generating figure no. 39 from temperature/d03
Generating figure no. 40 from temperature/d03
Generating figure no. 41 from temperature/d03
Generating figure no. 42 from temperature/d03
Generating figure no. 43 from temperature/d03
Generating figure no. 44 from temperature/d03
Generating figure no. 45 from temperature/d03
Generating figure no. 46 from temperature/d03
Generating figure no. 47 from temperature/d03
Generating figure no. 48 from temperature/d03
Generating figure no. 49 from temperature/d03
Generating figure no. 50 from temperature/d03
Generating figure no. 51 from temperature/d03
Generating figure no. 52 from temperature/d03
Generating figure no. 53 from temperature/d03
Generating figure no. 54 from temperature/d03
Generating figure no. 55 from temperature/d03
Generating figure no. 56 from temperature/d03
Generating figure no. 57 from temperature/d03
Generating figure no. 58 from temperature/d03
Generating figure no. 59 from temperature/d03
Generating figure no. 60 from temperature/d03
Generating figure no. 61 from temperature/d03
Generating figure no. 62 from temperature/d03
Generating figure no. 63 from temperature/d03
Generating figure no. 64 from temperature/d03
Generating figure no. 65 from temperature/d03
Generating figure no. 66 from temperature/d03
Generating figure no. 67 from temperature/d03
Generating figure no. 68 from temperature/d03
Generating figure no. 69 from temperature/d03
Generating figure no. 70 from temperature/d03
Generating figure no. 71 from temperature/d03
Generating figure no. 72 from temperature/d03
Generating figure no. 73 from temperature/d03
Generating figure no. 74 from temperature/d03
Generating figure no. 75 from temperature/d03
Generating figure no. 76 from temperature/d03
Generating figure no. 77 from temperature/d03
Generating figure no. 78 from temperature/d03
Generating figure no. 79 from temperature/d03
Generating figure no. 80 from temperature/d03
Generating figure no. 81 from temperature/d03
Generating figure no. 82 from temperature/d03
Generating figure no. 83 from temperature/d03
Generating figure no. 84 from temperature/d03
Generating figure no. 85 from temperature/d03
Generating figure no. 86 from temperature/d03
Generating figure no. 87 from temperature/d03
Generating figure no. 88 from temperature/d03
Generating figure no. 89 from temperature/d03
Generating figure no. 90 from temperature/d03
Generating figure no. 91 from temperature/d03
Generating figure no. 92 from temperature/d03
Generating figure no. 93 from temperature/d03
Generating figure no. 94 from temperature/d03
Generating figure no. 95 from temperature/d03
Generating figure no. 96 from temperature/d03
Generating figure no. 1 from wind/d03
Generating figure no. 2 from wind/d03
Generating figure no. 3 from wind/d03
Generating figure no. 4 from wind/d03
Generating figure no. 5 from wind/d03
Generating figure no. 6 from wind/d03
Generating figure no. 7 from wind/d03
Generating figure no. 8 from wind/d03
Generating figure no. 9 from wind/d03
Generating figure no. 10 from wind/d03
Generating figure no. 11 from wind/d03
Generating figure no. 12 from wind/d03
Generating figure no. 13 from wind/d03
Generating figure no. 14 from wind/d03
Generating figure no. 15 from wind/d03
Generating figure no. 16 from wind/d03
Generating figure no. 17 from wind/d03
Generating figure no. 18 from wind/d03
Generating figure no. 19 from wind/d03
Generating figure no. 20 from wind/d03
Generating figure no. 21 from wind/d03
Generating figure no. 22 from wind/d03
Generating figure no. 23 from wind/d03
Generating figure no. 24 from wind/d03
Generating figure no. 25 from wind/d03
Generating figure no. 26 from wind/d03
Generating figure no. 27 from wind/d03
Generating figure no. 28 from wind/d03
Generating figure no. 29 from wind/d03
Generating figure no. 30 from wind/d03
Generating figure no. 31 from wind/d03
Generating figure no. 32 from wind/d03
Generating figure no. 33 from wind/d03
Generating figure no. 34 from wind/d03
Generating figure no. 35 from wind/d03
Generating figure no. 36 from wind/d03
Generating figure no. 37 from wind/d03
Generating figure no. 38 from wind/d03
Generating figure no. 39 from wind/d03
Generating figure no. 40 from wind/d03
Generating figure no. 41 from wind/d03
Generating figure no. 42 from wind/d03
Generating figure no. 43 from wind/d03
Generating figure no. 44 from wind/d03
Generating figure no. 45 from wind/d03
Generating figure no. 46 from wind/d03
Generating figure no. 47 from wind/d03
Generating figure no. 48 from wind/d03
Generating figure no. 49 from wind/d03
Generating figure no. 50 from wind/d03
Generating figure no. 51 from wind/d03
Generating figure no. 52 from wind/d03
Generating figure no. 53 from wind/d03
Generating figure no. 54 from wind/d03
Generating figure no. 55 from wind/d03
Generating figure no. 56 from wind/d03
Generating figure no. 57 from wind/d03
Generating figure no. 58 from wind/d03
Generating figure no. 59 from wind/d03
Generating figure no. 60 from wind/d03
Generating figure no. 61 from wind/d03
Generating figure no. 62 from wind/d03
Generating figure no. 63 from wind/d03
Generating figure no. 64 from wind/d03
Generating figure no. 65 from wind/d03
Generating figure no. 66 from wind/d03
Generating figure no. 67 from wind/d03
Generating figure no. 68 from wind/d03
Generating figure no. 69 from wind/d03
Generating figure no. 70 from wind/d03
Generating figure no. 71 from wind/d03
Generating figure no. 72 from wind/d03
Generating figure no. 73 from wind/d03
Generating figure no. 74 from wind/d03
Generating figure no. 75 from wind/d03
Generating figure no. 76 from wind/d03
Generating figure no. 77 from wind/d03
Generating figure no. 78 from wind/d03
Generating figure no. 79 from wind/d03
Generating figure no. 80 from wind/d03
Generating figure no. 81 from wind/d03
Generating figure no. 82 from wind/d03
Generating figure no. 83 from wind/d03
Generating figure no. 84 from wind/d03
Generating figure no. 85 from wind/d03
Generating figure no. 86 from wind/d03
Generating figure no. 87 from wind/d03
Generating figure no. 88 from wind/d03
Generating figure no. 89 from wind/d03
Generating figure no. 90 from wind/d03
Generating figure no. 91 from wind/d03
Generating figure no. 92 from wind/d03
Generating figure no. 93 from wind/d03
Generating figure no. 94 from wind/d03
Generating figure no. 95 from wind/d03
Generating figure no. 96 from wind/d03
Generating figure no. 1 from vapor/d03
Generating figure no. 2 from vapor/d03
Generating figure no. 3 from vapor/d03
Generating figure no. 4 from vapor/d03
Generating figure no. 5 from vapor/d03
Generating figure no. 6 from vapor/d03
Generating figure no. 7 from vapor/d03
Generating figure no. 8 from vapor/d03
Generating figure no. 9 from vapor/d03
Generating figure no. 10 from vapor/d03
Generating figure no. 11 from vapor/d03
Generating figure no. 12 from vapor/d03
Generating figure no. 13 from vapor/d03
Generating figure no. 14 from vapor/d03
Generating figure no. 15 from vapor/d03
Generating figure no. 16 from vapor/d03
Generating figure no. 17 from vapor/d03
Generating figure no. 18 from vapor/d03
Generating figure no. 19 from vapor/d03
Generating figure no. 20 from vapor/d03
Generating figure no. 21 from vapor/d03
Generating figure no. 22 from vapor/d03
Generating figure no. 23 from vapor/d03
Generating figure no. 24 from vapor/d03
Generating figure no. 25 from vapor/d03
Generating figure no. 26 from vapor/d03
Generating figure no. 27 from vapor/d03
Generating figure no. 28 from vapor/d03
Generating figure no. 29 from vapor/d03
Generating figure no. 30 from vapor/d03
Generating figure no. 31 from vapor/d03
Generating figure no. 32 from vapor/d03
Generating figure no. 33 from vapor/d03
Generating figure no. 34 from vapor/d03
Generating figure no. 35 from vapor/d03
Generating figure no. 36 from vapor/d03
Generating figure no. 37 from vapor/d03
Generating figure no. 38 from vapor/d03
Generating figure no. 39 from vapor/d03
Generating figure no. 40 from vapor/d03
Generating figure no. 41 from vapor/d03
Generating figure no. 42 from vapor/d03
Generating figure no. 43 from vapor/d03
Generating figure no. 44 from vapor/d03
Generating figure no. 45 from vapor/d03
Generating figure no. 46 from vapor/d03
Generating figure no. 47 from vapor/d03
Generating figure no. 48 from vapor/d03
Generating figure no. 49 from vapor/d03
Generating figure no. 50 from vapor/d03
Generating figure no. 51 from vapor/d03
Generating figure no. 52 from vapor/d03
Generating figure no. 53 from vapor/d03
Generating figure no. 54 from vapor/d03
Generating figure no. 55 from vapor/d03
Generating figure no. 56 from vapor/d03
Generating figure no. 57 from vapor/d03
Generating figure no. 58 from vapor/d03
Generating figure no. 59 from vapor/d03
Generating figure no. 60 from vapor/d03
Generating figure no. 61 from vapor/d03
Generating figure no. 62 from vapor/d03
Generating figure no. 63 from vapor/d03
Generating figure no. 64 from vapor/d03
Generating figure no. 65 from vapor/d03
Generating figure no. 66 from vapor/d03
Generating figure no. 67 from vapor/d03
Generating figure no. 68 from vapor/d03
Generating figure no. 69 from vapor/d03
Generating figure no. 70 from vapor/d03
Generating figure no. 71 from vapor/d03
Generating figure no. 72 from vapor/d03
Generating figure no. 73 from vapor/d03
Generating figure no. 74 from vapor/d03
Generating figure no. 75 from vapor/d03
Generating figure no. 76 from vapor/d03
Generating figure no. 77 from vapor/d03
Generating figure no. 78 from vapor/d03
Generating figure no. 79 from vapor/d03/home/edson/anaconda3/lib/python3.6/site-packages/mpl_toolkits/basemap/__init__.py:3644: VisibleDeprecationWarning: using a non-integer number instead of an integer will result in an error in the future
  xx = x[x.shape[0]/2,:]

Generating figure no. 80 from vapor/d03
Generating figure no. 81 from vapor/d03
Generating figure no. 82 from vapor/d03
Generating figure no. 83 from vapor/d03
Generating figure no. 84 from vapor/d03
Generating figure no. 85 from vapor/d03
Generating figure no. 86 from vapor/d03
Generating figure no. 87 from vapor/d03
Generating figure no. 88 from vapor/d03
Generating figure no. 89 from vapor/d03
Generating figure no. 90 from vapor/d03
Generating figure no. 91 from vapor/d03
Generating figure no. 92 from vapor/d03
Generating figure no. 93 from vapor/d03
Generating figure no. 94 from vapor/d03
Generating figure no. 95 from vapor/d03
Generating figure no. 96 from vapor/d03
Generating figure no. 1 from pressure/d03
Generating figure no. 2 from pressure/d03
Generating figure no. 3 from pressure/d03
Generating figure no. 4 from pressure/d03
Generating figure no. 5 from pressure/d03
Generating figure no. 6 from pressure/d03
Generating figure no. 7 from pressure/d03
Generating figure no. 8 from pressure/d03
Generating figure no. 9 from pressure/d03
Generating figure no. 10 from pressure/d03
Generating figure no. 11 from pressure/d03
Generating figure no. 12 from pressure/d03
Generating figure no. 13 from pressure/d03
Generating figure no. 14 from pressure/d03
Generating figure no. 15 from pressure/d03
Generating figure no. 16 from pressure/d03
Generating figure no. 17 from pressure/d03
Generating figure no. 18 from pressure/d03
Generating figure no. 19 from pressure/d03
Generating figure no. 20 from pressure/d03
Generating figure no. 21 from pressure/d03
Generating figure no. 22 from pressure/d03
Generating figure no. 23 from pressure/d03
Generating figure no. 24 from pressure/d03
Generating figure no. 25 from pressure/d03
Generating figure no. 26 from pressure/d03
Generating figure no. 27 from pressure/d03
Generating figure no. 28 from pressure/d03
Generating figure no. 29 from pressure/d03
Generating figure no. 30 from pressure/d03
Generating figure no. 31 from pressure/d03
Generating figure no. 32 from pressure/d03
Generating figure no. 33 from pressure/d03
Generating figure no. 34 from pressure/d03
Generating figure no. 35 from pressure/d03
Generating figure no. 36 from pressure/d03
Generating figure no. 37 from pressure/d03
Generating figure no. 38 from pressure/d03
Generating figure no. 39 from pressure/d03
Generating figure no. 40 from pressure/d03
Generating figure no. 41 from pressure/d03
Generating figure no. 42 from pressure/d03
Generating figure no. 43 from pressure/d03
Generating figure no. 44 from pressure/d03
Generating figure no. 45 from pressure/d03
Generating figure no. 46 from pressure/d03
Generating figure no. 47 from pressure/d03
Generating figure no. 48 from pressure/d03
Generating figure no. 49 from pressure/d03
Generating figure no. 50 from pressure/d03
Generating figure no. 51 from pressure/d03
Generating figure no. 52 from pressure/d03
Generating figure no. 53 from pressure/d03
Generating figure no. 54 from pressure/d03
Generating figure no. 55 from pressure/d03
Generating figure no. 56 from pressure/d03
Generating figure no. 57 from pressure/d03
Generating figure no. 58 from pressure/d03
Generating figure no. 59 from pressure/d03
Generating figure no. 60 from pressure/d03
Generating figure no. 61 from pressure/d03
Generating figure no. 62 from pressure/d03
Generating figure no. 63 from pressure/d03
Generating figure no. 64 from pressure/d03
Generating figure no. 65 from pressure/d03
Generating figure no. 66 from pressure/d03
Generating figure no. 67 from pressure/d03
Generating figure no. 68 from pressure/d03
Generating figure no. 69 from pressure/d03
Generating figure no. 70 from pressure/d03
Generating figure no. 71 from pressure/d03
Generating figure no. 72 from pressure/d03
Generating figure no. 73 from pressure/d03
Generating figure no. 74 from pressure/d03
Generating figure no. 75 from pressure/d03
Generating figure no. 76 from pressure/d03
Generating figure no. 77 from pressure/d03
Generating figure no. 78 from pressure/d03
Generating figure no. 79 from pressure/d03
Generating figure no. 80 from pressure/d03
Generating figure no. 81 from pressure/d03
Generating figure no. 82 from pressure/d03
Generating figure no. 83 from pressure/d03
Generating figure no. 84 from pressure/d03
Generating figure no. 85 from pressure/d03
Generating figure no. 86 from pressure/d03
Generating figure no. 87 from pressure/d03
Generating figure no. 88 from pressure/d03
Generating figure no. 89 from pressure/d03
Generating figure no. 90 from pressure/d03
Generating figure no. 91 from pressure/d03
Generating figure no. 92 from pressure/d03
Generating figure no. 93 from pressure/d03
Generating figure no. 94 from pressure/d03
Generating figure no. 95 from pressure/d03
Generating figure no. 96 from pressure/d03
